<?xml version="1.0" encoding="UTF-8"?>
<!-- Generated by org.testng.reporters.JUnitReportReporter -->
<testsuite hostname="BDC6-DX-6GN5NK2" name="test.NewTest1" tests="3" failures="0" timestamp="12 Nov 2019 10:45:08 GMT" time="0.021" errors="0">
  <testcase name="method2" time="0.001" classname="test.NewTest1"/>
  <testcase name="method1" time="0.018" classname="test.NewTest1"/>
  <testcase name="method3" time="0.002" classname="test.NewTest1"/>
</testsuite> <!-- test.NewTest1 -->
