<?xml version="1.0" encoding="UTF-8"?>
<!-- Generated by org.testng.reporters.JUnitReportReporter -->
<testsuite hostname="BDC6-DX-6GN5NK2" name="test.act2" tests="2" failures="0" timestamp="12 Nov 2019 11:04:19 GMT" time="0.080" errors="0">
  <testcase name="method3" time="0.040" classname="test.act2"/>
  <testcase name="method1" time="0.040" classname="test.act2"/>
</testsuite> <!-- test.act2 -->
