<?xml version="1.0" encoding="UTF-8"?>
<!-- Generated by org.testng.reporters.JUnitReportReporter -->
<testsuite hostname="BDC6-DX-6GN5NK2" name="test.NewTest4" tests="3" failures="0" timestamp="12 Nov 2019 10:45:08 GMT" time="0.006" errors="0">
  <testcase name="method6" time="0.004" classname="test.NewTest4"/>
  <testcase name="method5" time="0.001" classname="test.NewTest4"/>
  <testcase name="method4" time="0.001" classname="test.NewTest4"/>
</testsuite> <!-- test.NewTest4 -->
