<?xml version="1.0" encoding="UTF-8"?>
<!-- Generated by org.testng.reporters.JUnitReportReporter -->
<testsuite hostname="BDC6-DX-6GN5NK2" name="test.NewTest2" tests="2" failures="0" timestamp="12 Nov 2019 09:33:34 GMT" time="0.004" errors="0">
  <testcase name="f" time="0.002" classname="test.NewTest2"/>
  <testcase name="f" time="0.002" classname="test.NewTest2"/>
</testsuite> <!-- test.NewTest2 -->
